<?xml version="1.0" encoding="UTF-8"?>
<!DOCTYPE mapper PUBLIC "-//mybatis.org//DTD Mapper 3.0//EN" "http://mybatis.org/dtd/mybatis-3-mapper.dtd">
<mapper namespace="query">
    <select id="select" resultType="String">
        SELECT * from test limit 1
    </select>
    
    <select id="selectList" resultType="String">
        SELECT * from test
    </select>
    
    <select id="insert">
        insert into test values(#{test})
    </select>
    
    <delete id="delete">
        delete from test
    </delete>
</mapper>